<?xml version="1.0" encoding="utf-8"?><testsuites><testsuite name="pytest" errors="0" failures="0" skipped="0" tests="22" time="0.193" timestamp="2026-09-07T09:19:58.327268+02:00" hostname="billy"><testcase classname="research.proof-corpus-coverage-v1.test_resource_successor_evidence.SuccessorEvidenceTests" name="test_boolean_source_count" time="0.004" /><testcase classname="research.proof-corpus-coverage-v1.test_resource_successor_evidence.SuccessorEvidenceTests" name="test_current_snapshot_differs_from_current_freeze" time="0.006" /><testcase classname="research.proof-corpus-coverage-v1.test_resource_successor_evidence.SuccessorEvidenceTests" name="test_current_source_drift" time="0.005" /><testcase classname="research.proof-corpus-coverage-v1.test_resource_successor_evidence.SuccessorEvidenceTests" name="test_current_source_symlink" time="0.005" /><testcase classname="research.proof-corpus-coverage-v1.test_resource_successor_evidence.SuccessorEvidenceTests" name="test_distinct_historical_current_sources_and_no_host_access" time="0.006" /><testcase classname="research.proof-corpus-coverage-v1.test_resource_successor_evidence.SuccessorEvidenceTests" name="test_duplicate_archive_row" time="0.006" /><testcase classname="research.proof-corpus-coverage-v1.test_resource_successor_evidence.SuccessorEvidenceTests" name="test_extra_and_duplicate_members_after_tar_end" time="0.011" /><testcase classname="research.proof-corpus-coverage-v1.test_resource_successor_evidence.SuccessorEvidenceTests" name="test_extra_recursive_file" time="0.003" /><testcase classname="research.proof-corpus-coverage-v1.test_resource_successor_evidence.SuccessorEvidenceTests" name="test_extra_sealed_historical_source" time="0.005" /><testcase classname="research.proof-corpus-coverage-v1.test_resource_successor_evidence.SuccessorEvidenceTests" name="test_historical_authority_cannot_be_replaced_in_new_index" time="0.004" /><testcase classname="research.proof-corpus-coverage-v1.test_resource_successor_evidence.SuccessorEvidenceTests" name="test_historical_copy_drift" time="0.005" /><testcase classname="research.proof-corpus-coverage-v1.test_resource_successor_evidence.SuccessorEvidenceTests" name="test_historical_directory_symlink" time="0.003" /><testcase classname="research.proof-corpus-coverage-v1.test_resource_successor_evidence.SuccessorEvidenceTests" name="test_new_archive_drift" time="0.003" /><testcase classname="research.proof-corpus-coverage-v1.test_resource_successor_evidence.SuccessorEvidenceTests" name="test_omission_binding_drift" time="0.005" /><testcase classname="research.proof-corpus-coverage-v1.test_resource_successor_evidence.SuccessorEvidenceTests" name="test_original_archive_drift" time="0.005" /><testcase classname="research.proof-corpus-coverage-v1.test_resource_successor_evidence_boundaries.SuccessorBoundaryTests" name="test_archive_changed_during_audit_refuses" time="0.006" /><testcase classname="research.proof-corpus-coverage-v1.test_resource_successor_evidence_boundaries.SuccessorBoundaryTests" name="test_boolean_archive_count_refuses" time="0.005" /><testcase classname="research.proof-corpus-coverage-v1.test_resource_successor_evidence_boundaries.SuccessorBoundaryTests" name="test_current_source_changed_during_first_check_refuses" time="0.006" /><testcase classname="research.proof-corpus-coverage-v1.test_resource_successor_evidence_boundaries.SuccessorBoundaryTests" name="test_current_source_root_alias_refuses" time="0.005" /><testcase classname="research.proof-corpus-coverage-v1.test_resource_successor_evidence_boundaries.SuccessorBoundaryTests" name="test_historical_root_alias_refuses" time="0.004" /><testcase classname="research.proof-corpus-coverage-v1.test_resource_successor_evidence_boundaries.SuccessorBoundaryTests" name="test_matching_header_cached_helpers_are_ignored" time="0.048" /><testcase classname="research.proof-corpus-coverage-v1.test_resource_successor_evidence_boundaries.SuccessorBoundaryTests" name="test_unbound_helper_is_not_compiled" time="0.002" /></testsuite></testsuites>