<?xml version="1.0" encoding="utf-8"?><testsuites><testsuite name="pytest" errors="0" failures="1" skipped="0" tests="1" time="0.045" timestamp="2026-09-07T09:23:19.120076+02:00" hostname="billy"><testcase classname="research.proof-corpus-coverage-v1.test_resource_successor_evidence_boundaries.SuccessorBoundaryTests" name="test_late_extra_historical_file_refuses" time="0.007"><failure message="AssertionError: ValueError not raised">self = &lt;test_resource_successor_evidence_boundaries.SuccessorBoundaryTests testMethod=test_late_extra_historical_file_refuses&gt;

    def test_late_extra_historical_file_refuses(self):
        old,audit=successor.helpers();original=old.audit_resource
        def changed(*args,**kwargs):
            result=original(*args,**kwargs)
            (self.old/"late-extra.json").write_bytes(b"unsealed")
            return result
        old.audit_resource=changed
        with patch.object(successor,"helpers",return_value=(old,audit)):
&gt;           with self.assertRaisesRegex(ValueError,"HISTORICAL_PACKAGE_SET"):self.run_audit()
E           AssertionError: ValueError not raised

test_resource_successor_evidence_boundaries.py:55: AssertionError</failure></testcase></testsuite></testsuites>