<?xml version="1.0" encoding="utf-8"?><testsuites><testsuite name="pytest" errors="0" failures="0" skipped="0" tests="44" time="1.001" timestamp="2026-09-07T08:17:20.120446+02:00" hostname="billy"><testcase classname="research.proof-corpus-coverage-v1.test_registration_evidence" name="test_actual_derived_records_no_alarm" time="0.614" /><testcase classname="research.proof-corpus-coverage-v1.test_registration_evidence" name="test_authentic_package_tamper_refuses[MANIFEST.json]" time="0.005" /><testcase classname="research.proof-corpus-coverage-v1.test_registration_evidence" name="test_authentic_package_tamper_refuses[registration-derived.tar.gz]" time="0.012" /><testcase classname="research.proof-corpus-coverage-v1.test_registration_evidence" name="test_authentic_package_tamper_refuses[registration-derived.members.json]" time="0.011" /><testcase classname="research.proof-corpus-coverage-v1.test_registration_evidence" name="test_authentic_package_tamper_refuses[supporting.tar.gz]" time="0.132" /><testcase classname="research.proof-corpus-coverage-v1.test_registration_evidence" name="test_authentic_package_tamper_refuses[OMITTED.json]" time="0.124" /><testcase classname="research.proof-corpus-coverage-v1.test_registration_evidence" name="test_isolated_cli_ignores_matching_header_bytecode" time="0.037" /><testcase classname="research.proof-corpus-coverage-v1.test_registration_evidence_archive" name="test_exact_regular_archive_no_alarm" time="0.001" /><testcase classname="research.proof-corpus-coverage-v1.test_registration_evidence_archive" name="test_ambiguous_member_refuses[.]" time="0.001" /><testcase classname="research.proof-corpus-coverage-v1.test_registration_evidence_archive" name="test_ambiguous_member_refuses[../escape]" time="0.001" /><testcase classname="research.proof-corpus-coverage-v1.test_registration_evidence_archive" name="test_ambiguous_member_refuses[/absolute]" time="0.001" /><testcase classname="research.proof-corpus-coverage-v1.test_registration_evidence_archive" name="test_ambiguous_member_refuses[a/../b]" time="0.001" /><testcase classname="research.proof-corpus-coverage-v1.test_registration_evidence_archive" name="test_ambiguous_member_refuses[a//b]" time="0.001" /><testcase classname="research.proof-corpus-coverage-v1.test_registration_evidence_archive" name="test_ambiguous_member_refuses[a\\b]" time="0.001" /><testcase classname="research.proof-corpus-coverage-v1.test_registration_evidence_archive" name="test_nonregular_member_refuses[2]" time="0.001" /><testcase classname="research.proof-corpus-coverage-v1.test_registration_evidence_archive" name="test_nonregular_member_refuses[1]" time="0.001" /><testcase classname="research.proof-corpus-coverage-v1.test_registration_evidence_archive" name="test_nonregular_member_refuses[5]" time="0.001" /><testcase classname="research.proof-corpus-coverage-v1.test_registration_evidence_archive" name="test_duplicate_member_refuses" time="0.001" /><testcase classname="research.proof-corpus-coverage-v1.test_registration_evidence_archive" name="test_membership_or_bytes_tamper_refuses[members0]" time="0.001" /><testcase classname="research.proof-corpus-coverage-v1.test_registration_evidence_archive" name="test_membership_or_bytes_tamper_refuses[members1]" time="0.001" /><testcase classname="research.proof-corpus-coverage-v1.test_registration_evidence_archive" name="test_membership_or_bytes_tamper_refuses[members2]" time="0.001" /><testcase classname="research.proof-corpus-coverage-v1.test_registration_evidence_bindings" name="test_all_twelve_source_bindings_match" time="0.001" /><testcase classname="research.proof-corpus-coverage-v1.test_registration_evidence_bindings" name="test_exact_four_omissions_no_alarm" time="0.001" /><testcase classname="research.proof-corpus-coverage-v1.test_registration_evidence_bindings" name="test_source_drift_refuses" time="0.001" /><testcase classname="research.proof-corpus-coverage-v1.test_registration_evidence_bindings" name="test_omission_tamper_refuses[extra]" time="0.001" /><testcase classname="research.proof-corpus-coverage-v1.test_registration_evidence_bindings" name="test_omission_tamper_refuses[missing]" time="0.001" /><testcase classname="research.proof-corpus-coverage-v1.test_registration_evidence_bindings" name="test_omission_tamper_refuses[hash]" time="0.001" /><testcase classname="research.proof-corpus-coverage-v1.test_registration_evidence_bindings" name="test_omission_tamper_refuses[snapshot]" time="0.001" /><testcase classname="research.proof-corpus-coverage-v1.test_registration_evidence_bindings" name="test_omission_tamper_refuses[prior]" time="0.001" /><testcase classname="research.proof-corpus-coverage-v1.test_registration_evidence_bindings" name="test_omission_tamper_refuses[member]" time="0.001" /><testcase classname="research.proof-corpus-coverage-v1.test_registration_evidence_order" name="test_complete_order_and_four_assignments_no_alarm" time="0.000" /><testcase classname="research.proof-corpus-coverage-v1.test_registration_evidence_order" name="test_registered_order_tamper_refuses[&lt;lambda&gt;0]" time="0.000" /><testcase classname="research.proof-corpus-coverage-v1.test_registration_evidence_order" name="test_registered_order_tamper_refuses[&lt;lambda&gt;1]" time="0.000" /><testcase classname="research.proof-corpus-coverage-v1.test_registration_evidence_order" name="test_registered_order_tamper_refuses[&lt;lambda&gt;2]" time="0.000" /><testcase classname="research.proof-corpus-coverage-v1.test_registration_evidence_order" name="test_registered_order_tamper_refuses[&lt;lambda&gt;3]" time="0.000" /><testcase classname="research.proof-corpus-coverage-v1.test_registration_evidence_order" name="test_registered_order_tamper_refuses[&lt;lambda&gt;4]" time="0.000" /><testcase classname="research.proof-corpus-coverage-v1.test_registration_evidence_order" name="test_registered_order_tamper_refuses[&lt;lambda&gt;5]" time="0.000" /><testcase classname="research.proof-corpus-coverage-v1.test_registration_evidence_order" name="test_registered_order_tamper_refuses[&lt;lambda&gt;6]" time="0.000" /><testcase classname="research.proof-corpus-coverage-v1.test_registration_evidence_order" name="test_registered_order_tamper_refuses[&lt;lambda&gt;7]" time="0.000" /><testcase classname="research.proof-corpus-coverage-v1.test_registration_evidence_order" name="test_registered_order_tamper_refuses[&lt;lambda&gt;8]" time="0.000" /><testcase classname="research.proof-corpus-coverage-v1.test_registration_evidence_order" name="test_registered_order_tamper_refuses[&lt;lambda&gt;9]" time="0.000" /><testcase classname="research.proof-corpus-coverage-v1.test_registration_evidence_order" name="test_registered_order_tamper_refuses[&lt;lambda&gt;10]" time="0.000" /><testcase classname="research.proof-corpus-coverage-v1.test_registration_evidence_order" name="test_registered_order_tamper_refuses[&lt;lambda&gt;11]" time="0.000" /><testcase classname="research.proof-corpus-coverage-v1.test_registration_evidence_order" name="test_registered_order_tamper_refuses[&lt;lambda&gt;12]" time="0.001" /></testsuite></testsuites>