<?xml version="1.0" encoding="utf-8"?><testsuites><testsuite name="pytest" errors="0" failures="0" skipped="0" tests="11" time="0.131" timestamp="2026-09-07T09:54:05.856870+02:00" hostname="billy"><testcase classname="research.proof-corpus-coverage-v1.test_resource_exitcode_evidence.ExitcodeEvidenceTests" name="test_boolean_prior_count_refuses" time="0.008" /><testcase classname="research.proof-corpus-coverage-v1.test_resource_exitcode_evidence.ExitcodeEvidenceTests" name="test_corrected_snapshot_must_match_current_freeze" time="0.011" /><testcase classname="research.proof-corpus-coverage-v1.test_resource_exitcode_evidence.ExitcodeEvidenceTests" name="test_current_source_drift_refuses" time="0.010" /><testcase classname="research.proof-corpus-coverage-v1.test_resource_exitcode_evidence.ExitcodeEvidenceTests" name="test_extra_prior_snapshot_refuses" time="0.010" /><testcase classname="research.proof-corpus-coverage-v1.test_resource_exitcode_evidence.ExitcodeEvidenceTests" name="test_noncanonical_previous_source_path_refuses" time="0.006" /><testcase classname="research.proof-corpus-coverage-v1.test_resource_exitcode_evidence.ExitcodeEvidenceTests" name="test_omitted_host_binding_refuses" time="0.010" /><testcase classname="research.proof-corpus-coverage-v1.test_resource_exitcode_evidence.ExitcodeEvidenceTests" name="test_original_source_history_still_authoritative" time="0.007" /><testcase classname="research.proof-corpus-coverage-v1.test_resource_exitcode_evidence.ExitcodeEvidenceTests" name="test_previous_seal_cannot_be_changed" time="0.006" /><testcase classname="research.proof-corpus-coverage-v1.test_resource_exitcode_evidence.ExitcodeEvidenceTests" name="test_previous_source_drift_refuses" time="0.009" /><testcase classname="research.proof-corpus-coverage-v1.test_resource_exitcode_evidence.ExitcodeEvidenceTests" name="test_three_distinct_source_layers_pass_without_dispatch" time="0.015" /><testcase classname="research.proof-corpus-coverage-v1.test_resource_exitcode_evidence.ExitcodeEvidenceTests" name="test_unbound_guard_is_not_executed" time="0.003" /></testsuite></testsuites>