<?xml version="1.0" encoding="utf-8"?><testsuites><testsuite name="pytest" errors="0" failures="0" skipped="0" tests="110" time="15.547" timestamp="2026-09-08T00:52:34.858955+02:00" hostname="billy"><testcase classname="research.proof-corpus-coverage-v1.test_resource_deadline" name="test_bound_original_record_and_repeated_consumed_bytes" time="0.008" /><testcase classname="research.proof-corpus-coverage-v1.test_resource_deadline" name="test_invalid_external_record_never_means_unbound[missing]" time="0.007" /><testcase classname="research.proof-corpus-coverage-v1.test_resource_deadline" name="test_invalid_external_record_never_means_unbound[symlink]" time="0.007" /><testcase classname="research.proof-corpus-coverage-v1.test_resource_deadline" name="test_invalid_external_record_never_means_unbound[hardlink]" time="0.007" /><testcase classname="research.proof-corpus-coverage-v1.test_resource_deadline" name="test_invalid_external_record_never_means_unbound[directory]" time="0.007" /><testcase classname="research.proof-corpus-coverage-v1.test_resource_deadline" name="test_invalid_external_record_never_means_unbound[bytes]" time="0.007" /><testcase classname="research.proof-corpus-coverage-v1.test_resource_deadline" name="test_invalid_external_record_never_means_unbound[hash]" time="0.007" /><testcase classname="research.proof-corpus-coverage-v1.test_resource_deadline" name="test_invalid_external_record_never_means_unbound[noncanonical]" time="0.007" /><testcase classname="research.proof-corpus-coverage-v1.test_resource_deadline" name="test_invalid_external_record_never_means_unbound[wrong_boot]" time="0.007" /><testcase classname="research.proof-corpus-coverage-v1.test_resource_deadline" name="test_invalid_external_record_never_means_unbound[future]" time="0.007" /><testcase classname="research.proof-corpus-coverage-v1.test_resource_deadline" name="test_invalid_external_record_never_means_unbound[expired]" time="0.007" /><testcase classname="research.proof-corpus-coverage-v1.test_resource_deadline" name="test_invalid_external_record_never_means_unbound[bool_start]" time="0.007" /><testcase classname="research.proof-corpus-coverage-v1.test_resource_deadline" name="test_invalid_external_record_never_means_unbound[bool_duration]" time="0.007" /><testcase classname="research.proof-corpus-coverage-v1.test_resource_deadline" name="test_invalid_external_record_never_means_unbound[too_long]" time="0.007" /><testcase classname="research.proof-corpus-coverage-v1.test_resource_deadline" name="test_invalid_external_record_never_means_unbound[nan]" time="0.007" /><testcase classname="research.proof-corpus-coverage-v1.test_resource_deadline" name="test_invalid_external_record_never_means_unbound[run]" time="0.007" /><testcase classname="research.proof-corpus-coverage-v1.test_resource_deadline" name="test_invalid_external_record_never_means_unbound[seal]" time="0.007" /><testcase classname="research.proof-corpus-coverage-v1.test_resource_deadline" name="test_owned_overlap_and_replaced_identical_record_refuse" time="0.007" /><testcase classname="research.proof-corpus-coverage-v1.test_resource_deadline" name="test_started_child_retains_original_clock_cleanup_and_failure[expire]" time="0.071" /><testcase classname="research.proof-corpus-coverage-v1.test_resource_deadline" name="test_started_child_retains_original_clock_cleanup_and_failure[drift]" time="0.077" /><testcase classname="research.proof-corpus-coverage-v1.test_resource_deadline" name="test_started_child_retains_original_clock_cleanup_and_failure[delete]" time="0.071" /><testcase classname="research.proof-corpus-coverage-v1.test_resource_deadline" name="test_started_child_retains_original_clock_cleanup_and_failure[boot]" time="0.072" /><testcase classname="research.proof-corpus-coverage-v1.test_resource_deadline" name="test_setup_expiry_never_attempts_Popen" time="0.008" /><testcase classname="research.proof-corpus-coverage-v1.test_resource_deadline" name="test_final_hash_expiry_retains_observed_zero_exit" time="0.172" /><testcase classname="research.proof-corpus-coverage-v1.test_resource_deadline" name="test_present_and_omitted_optional_binding_both_complete" time="0.287" /><testcase classname="research.proof-corpus-coverage-v1.test_resource_deadline" name="test_final_observation_time_cannot_report_late_validity" time="0.007" /><testcase classname="research.proof-corpus-coverage-v1.test_resource_deadline" name="test_known_parsed_original_time_survives_boot_refusal" time="0.007" /><testcase classname="research.proof-corpus-coverage-v1.test_resource_deadline" name="test_failed_validation_cannot_record_valid_observation[nested_record]" time="0.007" /><testcase classname="research.proof-corpus-coverage-v1.test_resource_deadline" name="test_failed_validation_cannot_record_valid_observation[unexpected_exception]" time="0.007" /><testcase classname="research.proof-corpus-coverage-v1.test_profile_deadline" name="test_exact_optional_forwarding_and_legacy_omission[False]" time="0.010" /><testcase classname="research.proof-corpus-coverage-v1.test_profile_deadline" name="test_exact_optional_forwarding_and_legacy_omission[True]" time="0.010" /><testcase classname="research.proof-corpus-coverage-v1.test_profile_deadline" name="test_profile_deadline_and_readonly_boundary[missing_mount]" time="0.008" /><testcase classname="research.proof-corpus-coverage-v1.test_profile_deadline" name="test_profile_deadline_and_readonly_boundary[writable_clock]" time="0.008" /><testcase classname="research.proof-corpus-coverage-v1.test_profile_deadline" name="test_profile_deadline_and_readonly_boundary[setup_expiry]" time="0.009" /><testcase classname="research.proof-corpus-coverage-v1.test_profile_deadline" name="test_profile_deadline_and_readonly_boundary[final_expiry]" time="0.010" /><testcase classname="research.proof-corpus-coverage-v1.test_profile_deadline" name="test_real_isolated_raw_source_cli_keeps_expired_authority" time="0.034" /><testcase classname="research.math-language-learning-v1.test_unary_assay_namespace" name="test_strict_fixed_launch_data_clean_and_refusal[mode]" time="0.000" /><testcase classname="research.math-language-learning-v1.test_unary_assay_namespace" name="test_strict_fixed_launch_data_clean_and_refusal[cpu]" time="0.000" /><testcase classname="research.math-language-learning-v1.test_unary_assay_namespace" name="test_strict_fixed_launch_data_clean_and_refusal[duration]" time="0.000" /><testcase classname="research.math-language-learning-v1.test_unary_assay_namespace" name="test_strict_fixed_launch_data_clean_and_refusal[registered_input]" time="0.001" /><testcase classname="research.math-language-learning-v1.test_unary_assay_namespace" name="test_strict_fixed_launch_data_clean_and_refusal[registered_clock]" time="0.000" /><testcase classname="research.math-language-learning-v1.test_unary_assay_namespace" name="test_strict_fixed_launch_data_clean_and_refusal[source_escape]" time="0.000" /><testcase classname="research.math-language-learning-v1.test_unary_assay_namespace" name="test_strict_fixed_launch_data_clean_and_refusal[source_dot]" time="0.000" /><testcase classname="research.math-language-learning-v1.test_unary_assay_namespace" name="test_strict_fixed_launch_data_clean_and_refusal[python]" time="0.000" /><testcase classname="research.math-language-learning-v1.test_unary_assay_namespace" name="test_strict_fixed_launch_data_clean_and_refusal[runtime]" time="0.000" /><testcase classname="research.math-language-learning-v1.test_unary_assay_namespace" name="test_strict_fixed_launch_data_clean_and_refusal[input_bool]" time="0.000" /><testcase classname="research.math-language-learning-v1.test_unary_assay_namespace" name="test_consumed_plan_bytes_must_match_observed_hash" time="0.004" /><testcase classname="research.math-language-learning-v1.test_unary_assay_namespace" name="test_create_only_durable_record_and_alias_refusal" time="0.002" /><testcase classname="research.math-language-learning-v1.test_unary_assay_namespace" name="test_real_prepare_copy_and_no_start_after_source_drift" time="2.127" /><testcase classname="research.math-language-learning-v1.test_unary_assay_namespace" name="test_oversized_launch_record_refuses_before_body_read" time="0.001" /><testcase classname="research.math-language-learning-v1.test_unary_assay_launch_custody" name="test_known_original_clock_survives_post_write_failure[None]" time="2.177" /><testcase classname="research.math-language-learning-v1.test_unary_assay_launch_custody" name="test_known_original_clock_survives_post_write_failure[clock_stamp]" time="2.205" /><testcase classname="research.math-language-learning-v1.test_unary_assay_launch_custody" name="test_known_original_clock_survives_post_write_failure[directory_fsync]" time="2.173" /><testcase classname="research.math-language-learning-v1.test_unary_assay_launch_custody" name="test_preparation_persists_new_root_parent_entry" time="2.021" /><testcase classname="research.math-language-learning-v1.test_unary_assay_launch_custody" name="test_native_exec_denial_is_not_an_executed_nonzero_child[denied]" time="0.015" /><testcase classname="research.math-language-learning-v1.test_unary_assay_launch_custody" name="test_native_exec_denial_is_not_an_executed_nonzero_child[executed_nonzero]" time="0.013" /><testcase classname="research.math-language-learning-v1.test_unary_assay_launch_custody" name="test_native_map_retains_actual_error_and_refuses_unrelated_failure[failed to map segment from shared object]" time="0.019" /><testcase classname="research.math-language-learning-v1.test_unary_assay_launch_custody" name="test_native_map_retains_actual_error_and_refuses_unrelated_failure[wrong ELF class]" time="0.019" /><testcase classname="research.math-language-learning-v1.test_unary_assay_cost_closure" name="test_bound_resource_newline_and_clean_scope" time="0.026" /><testcase classname="research.math-language-learning-v1.test_unary_assay_cost_closure" name="test_exact_observer_bindings_and_partial_failure[source]" time="0.027" /><testcase classname="research.math-language-learning-v1.test_unary_assay_cost_closure" name="test_exact_observer_bindings_and_partial_failure[wrapper]" time="0.028" /><testcase classname="research.math-language-learning-v1.test_unary_assay_cost_closure" name="test_exact_observer_bindings_and_partial_failure[products]" time="0.026" /><testcase classname="research.math-language-learning-v1.test_unary_assay_cost_closure" name="test_exact_observer_bindings_and_partial_failure[phase]" time="0.026" /><testcase classname="research.math-language-learning-v1.test_unary_assay_cost_closure" name="test_exact_observer_bindings_and_partial_failure[clock]" time="0.027" /><testcase classname="research.math-language-learning-v1.test_unary_assay_cost_closure" name="test_exact_observer_bindings_and_partial_failure[exit]" time="0.027" /><testcase classname="research.math-language-learning-v1.test_unary_assay_cost_closure" name="test_exact_observer_bindings_and_partial_failure[cleanup]" time="0.028" /><testcase classname="research.math-language-learning-v1.test_unary_assay_cost_closure" name="test_exact_observer_bindings_and_partial_failure[missing]" time="0.025" /><testcase classname="research.math-language-learning-v1.test_unary_assay_cost_closure" name="test_exact_observer_bindings_and_partial_failure[time]" time="0.026" /><testcase classname="research.math-language-learning-v1.test_unary_assay_cost_closure" name="test_exact_observer_bindings_and_partial_failure[stdout]" time="0.028" /><testcase classname="research.math-language-learning-v1.test_unary_assay_cost_closure" name="test_original_analysis_drift_refuses_without_reanalysis" time="0.024" /><testcase classname="research.math-language-learning-v1.test_unary_assay_cost_closure" name="test_wall_positive_requires_all_retained_obligations[impossible_span]" time="0.026" /><testcase classname="research.math-language-learning-v1.test_unary_assay_cost_closure" name="test_wall_positive_requires_all_retained_obligations[malformed_profile]" time="0.029" /><testcase classname="research.math-language-learning-v1.test_unary_assay_cost_closure" name="test_oversized_cost_input_refused_before_open[data]" time="0.002" /><testcase classname="research.math-language-learning-v1.test_unary_assay_cost_closure" name="test_oversized_cost_input_refused_before_open[time]" time="0.001" /><testcase classname="research.math-language-learning-v1.test_unary_assay_cost_closure" name="test_close_bounds_dynamic_json_before_open[OUTER.json]" time="0.027" /><testcase classname="research.math-language-learning-v1.test_unary_assay_cost_closure" name="test_close_bounds_dynamic_json_before_open[work/coordinator/ANALYSIS.json]" time="0.029" /><testcase classname="research.proof-corpus-coverage-v1.test_resource_boot" name="test_source_entry_ignores_matching_header_cached_code" time="0.040" /><testcase classname="research.proof-corpus-coverage-v1.test_resource_boot" name="test_preloaded_unstamped_module_is_replaced" time="0.007" /><testcase classname="research.proof-corpus-coverage-v1.test_resource_dispatch" name="test_actual_started_child_keeps_dispatch_and_primary_cause[None]" time="0.165" /><testcase classname="research.proof-corpus-coverage-v1.test_resource_dispatch" name="test_actual_started_child_keeps_dispatch_and_primary_cause[disk]" time="0.064" /><testcase classname="research.proof-corpus-coverage-v1.test_resource_dispatch" name="test_actual_started_child_keeps_dispatch_and_primary_cause[controller]" time="0.064" /><testcase classname="research.proof-corpus-coverage-v1.test_resource_dispatch" name="test_actual_started_child_keeps_dispatch_and_primary_cause[sample]" time="0.064" /><testcase classname="research.proof-corpus-coverage-v1.test_resource_dispatch" name="test_actual_started_child_keeps_dispatch_and_primary_cause[cleanup]" time="0.064" /><testcase classname="research.proof-corpus-coverage-v1.test_resource_dispatch" name="test_actual_started_child_keeps_dispatch_and_primary_cause[raw]" time="0.165" /><testcase classname="research.proof-corpus-coverage-v1.test_resource_dispatch" name="test_actual_started_child_keeps_dispatch_and_primary_cause[missing_raw]" time="0.120" /><testcase classname="research.proof-corpus-coverage-v1.test_resource_dispatch" name="test_launch_exception_does_not_claim_not_attempted_or_reaped" time="0.001" /><testcase classname="research.proof-corpus-coverage-v1.test_resource_dispatch" name="test_initial_scan_failure_is_truthfully_no_dispatch" time="0.001" /><testcase classname="research.proof-corpus-coverage-v1.test_resource_dispatch" name="test_existing_clean_no_alarm" time="0.165" /><testcase classname="research.proof-corpus-coverage-v1.test_resource_dispatch" name="test_nonzero_primary_survives_late_custody_failure[None]" time="0.165" /><testcase classname="research.proof-corpus-coverage-v1.test_resource_dispatch" name="test_nonzero_primary_survives_late_custody_failure[raw]" time="0.120" /><testcase classname="research.proof-corpus-coverage-v1.test_resource_dispatch" name="test_nonzero_primary_survives_late_custody_failure[late_cleanup]" time="0.165" /><testcase classname="research.proof-corpus-coverage-v1.test_resource_dispatch" name="test_final_disk_failure_retains_completed_child" time="0.165" /><testcase classname="research.proof-corpus-coverage-v1.test_resource_exitcode" name="test_observed_exit_survives_first_cleanup_snapshot[0]" time="0.165" /><testcase classname="research.proof-corpus-coverage-v1.test_resource_exitcode" name="test_observed_exit_survives_first_cleanup_snapshot[7]" time="0.165" /><testcase classname="research.proof-corpus-coverage-v1.test_resource_exitcode" name="test_stop_preserves_exit_observed_by_cleanup_poll" time="0.114" /><testcase classname="research.proof-corpus-coverage-v1.test_resource_monitor" name="test_repeated_disk_failure_still_retains_receipt_and_restores_handlers" time="0.001" /><testcase classname="research.proof-corpus-coverage-v1.test_resource_monitor" name="test_seal_write_failure_still_restores_handlers" time="0.001" /><testcase classname="research.proof-corpus-coverage-v1.test_profile_dispatch" name="test_profile_retains_actual_dispatch_or_explicit_uncertainty[custody]" time="0.175" /><testcase classname="research.proof-corpus-coverage-v1.test_profile_dispatch" name="test_profile_retains_actual_dispatch_or_explicit_uncertainty[returned_failure]" time="0.176" /><testcase classname="research.proof-corpus-coverage-v1.test_profile_dispatch" name="test_profile_retains_actual_dispatch_or_explicit_uncertainty[unreturned]" time="0.174" /><testcase classname="research.proof-corpus-coverage-v1.test_profile_dispatch" name="test_profile_retains_actual_dispatch_or_explicit_uncertainty[precommand]" time="0.009" /><testcase classname="research.proof-corpus-coverage-v1.test_profile_dispatch" name="test_profile_retains_actual_dispatch_or_explicit_uncertainty[None]" time="0.129" /><testcase classname="research.proof-corpus-coverage-v1.test_profile_dispatch" name="test_cleanup_override_keeps_custody_failure" time="0.010" /><testcase classname="research.proof-corpus-coverage-v1.test_build_profile" name="test_keep_policy_when_workload_cleanup_incomplete" time="0.009" /><testcase classname="research.proof-corpus-coverage-v1.test_build_profile" name="test_post_dispatch_input_drift_never_passes" time="0.009" /><testcase classname="research.proof-corpus-coverage-v1.test_build_profile" name="test_workload_cannot_mount_supervisor_receipts[equal]" time="0.007" /><testcase classname="research.proof-corpus-coverage-v1.test_build_profile" name="test_workload_cannot_mount_supervisor_receipts[ancestor]" time="0.007" /><testcase classname="research.proof-corpus-coverage-v1.test_build_profile" name="test_workload_cannot_mount_supervisor_receipts[descendant]" time="0.007" /><testcase classname="research.proof-corpus-coverage-v1.test_acquisition_phase" name="test_phase_clean_retains_four_rows_and_no_semantic_dispatch" time="0.038" /><testcase classname="research.proof-corpus-coverage-v1.test_materialize_integration" name="test_ten_tree_clean_continuation" time="0.382" /></testsuite></testsuites>