<?xml version="1.0" encoding="utf-8"?><testsuites><testsuite name="pytest" errors="0" failures="5" skipped="0" tests="96" time="7.472" timestamp="2026-09-07T03:32:29.075213+02:00" hostname="billy"><testcase classname="tests.integration.test_runtime_atomic_admission" name="test_whole_batch_one_event_and_fresh_process_replay" time="0.182" /><testcase classname="tests.integration.test_runtime_atomic_admission" name="test_invalid_last_item_has_no_prefix_or_event[duplicate_atom]" time="0.001" /><testcase classname="tests.integration.test_runtime_atomic_admission" name="test_invalid_last_item_has_no_prefix_or_event[duplicate_edge]" time="0.001" /><testcase classname="tests.integration.test_runtime_atomic_admission" name="test_invalid_last_item_has_no_prefix_or_event[scope]" time="0.001" /><testcase classname="tests.integration.test_runtime_atomic_admission" name="test_invalid_last_item_has_no_prefix_or_event[warrant]" time="0.002" /><testcase classname="tests.integration.test_runtime_atomic_admission" name="test_invalid_last_item_has_no_prefix_or_event[empty]" time="0.001" /><testcase classname="tests.integration.test_runtime_atomic_admission" name="test_stale_ledger_refuses_without_partial_memory" time="0.005" /><testcase classname="tests.integration.test_runtime_atomic_admission" name="test_append_interruption_replays_all_or_none[False]" time="0.001" /><testcase classname="tests.integration.test_runtime_atomic_admission" name="test_append_interruption_replays_all_or_none[True]" time="0.006" /><testcase classname="tests.integration.test_runtime_atomic_admission" name="test_malformed_batch_reducer_does_not_publish_prefix[schema]" time="0.010" /><testcase classname="tests.integration.test_runtime_atomic_admission" name="test_malformed_batch_reducer_does_not_publish_prefix[empty]" time="0.010" /><testcase classname="tests.integration.test_runtime_atomic_admission" name="test_malformed_batch_reducer_does_not_publish_prefix[last]" time="0.010" /><testcase classname="tests.integration.test_runtime_atomic_admission" name="test_malformed_batch_reducer_does_not_publish_prefix[extra]" time="0.009" /><testcase classname="tests.integration.test_runtime_atomic_admission" name="test_malformed_batch_reducer_does_not_publish_prefix[resource]" time="0.010" /><testcase classname="tests.integration.test_runtime_atomic_admission" name="test_malformed_batch_reducer_does_not_publish_prefix[outputs]" time="0.010" /><testcase classname="tests.integration.test_runtime_atomic_admission" name="test_malformed_batch_reducer_does_not_publish_prefix[evidence]" time="0.010" /><testcase classname="tests.integration.test_runtime_atomic_admission" name="test_malformed_batch_reducer_does_not_publish_prefix[status]" time="0.009" /><testcase classname="tests.integration.test_runtime_atomic_admission" name="test_batch_mutation_inside_solve_cannot_commit_answer[backend]" time="0.030" /><testcase classname="tests.integration.test_runtime_atomic_admission" name="test_batch_mutation_inside_solve_cannot_commit_answer[checker]" time="0.032" /><testcase classname="tests.integration.test_runtime_atomic_admission" name="test_post_append_reducer_failure_blocks_writes_until_verified_replay" time="0.012" /><testcase classname="research.proof-runtime-v1.test_adapter" name="test_actual_solve_then_atomic_admission_and_persisted_ast" time="0.216" /><testcase classname="research.proof-runtime-v1.test_adapter" name="test_restart_revocation_and_independent_discovery" time="0.322" /><testcase classname="research.proof-runtime-v1.test_adapter" name="test_two_checked_routes_share_environment_not_discovery" time="0.417" /><testcase classname="research.proof-runtime-v1.test_adapter" name="test_forged_exact_checker_atom_and_handle_do_not_authenticate" time="0.063" /><testcase classname="research.proof-runtime-v1.test_adapter" name="test_crash_prefix_is_nonserving_then_explicit_recovery_is_idempotent[prepared]" time="0.229" /><testcase classname="research.proof-runtime-v1.test_adapter" name="test_crash_prefix_is_nonserving_then_explicit_recovery_is_idempotent[run_evidence]" time="0.248" /><testcase classname="research.proof-runtime-v1.test_adapter" name="test_crash_prefix_is_nonserving_then_explicit_recovery_is_idempotent[derived_evidence]" time="0.245" /><testcase classname="research.proof-runtime-v1.test_adapter" name="test_crash_prefix_is_nonserving_then_explicit_recovery_is_idempotent[batch]" time="0.243" /><testcase classname="research.proof-runtime-v1.test_adapter" name="test_crash_prefix_is_nonserving_then_explicit_recovery_is_idempotent[committed]" time="0.252" /><testcase classname="research.proof-runtime-v1.test_adapter" name="test_intervening_write_prevents_recovery" time="0.197" /><testcase classname="research.proof-runtime-v1.test_adapter" name="test_custody_loss_fails_closed_without_new_check[artifact]" time="0.207" /><testcase classname="research.proof-runtime-v1.test_adapter" name="test_custody_loss_fails_closed_without_new_check[journal]" time="0.198" /><testcase classname="research.proof-runtime-v1.test_adapter" name="test_custody_loss_fails_closed_without_new_check[record]" time="0.192" /><testcase classname="research.proof-runtime-v1.test_adapter" name="test_combined_nogood_prevents_live" time="0.200" /><testcase classname="research.proof-runtime-v1.test_adapter" name="test_kernel_callback_mutation_cannot_admit" time="0.087" /><testcase classname="research.proof-runtime-v1.test_adapter" name="test_candidate_change_after_check_cannot_admit" time="0.088" /><testcase classname="research.proof-runtime-v1.test_admission" name="test_changed_returned_proposal_refused[candidate]" time="0.062" /><testcase classname="research.proof-runtime-v1.test_admission" name="test_changed_returned_proposal_refused[proposal_id]" time="0.063" /><testcase classname="research.proof-runtime-v1.test_admission" name="test_changed_returned_proposal_refused[record_path]" time="0.062" /><testcase classname="research.proof-runtime-v1.test_admission" name="test_changed_returned_proposal_refused[counters]" time="0.061" /><testcase classname="research.proof-runtime-v1.test_admission" name="test_changed_handle_refused[environment_id]" time="0.060" /><testcase classname="research.proof-runtime-v1.test_admission" name="test_changed_handle_refused[task_sha256]" time="0.061" /><testcase classname="research.proof-runtime-v1.test_admission" name="test_changed_handle_refused[record_sha256]" time="0.061" /><testcase classname="research.proof-runtime-v1.test_admission" name="test_changed_handle_refused[run_id]" time="0.060" /><testcase classname="research.proof-runtime-v1.test_admission" name="test_cross_session_and_closed_session_are_not_authority" time="0.080" /><testcase classname="research.proof-runtime-v1.test_admission" name="test_existing_evidence_id_with_changed_policy_cannot_be_reused" time="0.136" /><testcase classname="research.proof-runtime-v1.test_admission" name="test_changed_complete_atom_body_not_just_short_content_hash" time="0.204" /><testcase classname="research.proof-runtime-v1.test_admission" name="test_missing_artifact_is_not_repaired_by_recovery" time="0.188" /><testcase classname="research.proof-runtime-v1.test_admission" name="test_stale_runtime_instance_cannot_dispatch_or_serve" time="0.058" /><testcase classname="research.proof-runtime-v1.test_admission" name="test_status_does_not_load_host_code_from_persistence" time="0.223" /><testcase classname="research.proof-runtime-v1.test_admission" name="test_stale_issuer_compare_and_swap_preserves_existing_route" time="0.207" /><testcase classname="research.proof-runtime-v1.test_admission" name="test_registration_bytes_changed_on_disk_fail_closed" time="0.044" /><testcase classname="research.proof-runtime-v1.test_admission" name="test_prepared_plan_cannot_bind_other_registration" time="0.129" /><testcase classname="research.proof-runtime-v1.test_admission" name="test_pending_second_route_cannot_suppress_valid_independent_route" time="0.346" /><testcase classname="research.proof-runtime-v1.test_closed_session" name="test_separate_callbacks_and_exact_worker_mount_closure" time="0.011" /><testcase classname="research.proof-runtime-v1.test_closed_session" name="test_fixed_descriptor_is_not_caller_defined[goal-value0]" time="0.004" /><testcase classname="research.proof-runtime-v1.test_closed_session" name="test_fixed_descriptor_is_not_caller_defined[constants-value1]" time="0.004" /><testcase classname="research.proof-runtime-v1.test_closed_session" name="test_injected_constant_and_noncanonical_id_refused" time="0.004" /><testcase classname="research.proof-runtime-v1.test_closed_session" name="test_digest_mismatch_refused_before_dispatch" time="0.003" /><testcase classname="research.proof-runtime-v1.test_closed_session" name="test_changed_proposal_cannot_invoke_checker[candidate]" time="0.007" /><testcase classname="research.proof-runtime-v1.test_closed_session" name="test_changed_proposal_cannot_invoke_checker[environment_id]" time="0.007" /><testcase classname="research.proof-runtime-v1.test_closed_session" name="test_changed_proposal_cannot_invoke_checker[task_sha256]" time="0.007" /><testcase classname="research.proof-runtime-v1.test_closed_session" name="test_changed_proposal_cannot_invoke_checker[record_path]" time="0.007" /><testcase classname="research.proof-runtime-v1.test_closed_session" name="test_fake_cross_session_and_closed_handles_refused" time="0.014" /><testcase classname="research.proof-runtime-v1.test_closed_session" name="test_changed_custody_invalidates_issued_handle[record]" time="0.011" /><testcase classname="research.proof-runtime-v1.test_closed_session" name="test_changed_custody_invalidates_issued_handle[candidate]" time="0.011" /><testcase classname="research.proof-runtime-v1.test_closed_session" name="test_changed_custody_invalidates_issued_handle[snapshot]" time="0.010" /><testcase classname="research.proof-runtime-v1.test_closed_session" name="test_changed_custody_invalidates_issued_handle[manifest]" time="0.009" /><testcase classname="research.proof-runtime-v1.test_closed_session" name="test_proposal_record_drift_prevents_checker" time="0.007" /><testcase classname="research.proof-runtime-v1.test_closed_session" name="test_manifest_mismatch_and_missing_environment_are_retained" time="0.004" /><testcase classname="research.proof-runtime-v1.test_closed_session" name="test_attempt_roots_are_create_only" time="0.003" /><testcase classname="research.proof-runtime-v1.test_closed_session" name="test_undeclared_candidate_dependency_is_refused" time="0.008" /><testcase classname="research.proof-runtime-v1.test_closed_session" name="test_runtime_drift_after_dispatch_and_false_kernel_pass_fail_closed" time="0.013" /><testcase classname="research.proof-runtime-v1.test_closed_session" name="test_protocol_metadata_cannot_substitute_for_bound_native_data[extra_metadata]" time="0.005" /><testcase classname="research.proof-runtime-v1.test_closed_session" name="test_protocol_metadata_cannot_substitute_for_bound_native_data[limits]" time="0.005" /><testcase classname="research.proof-runtime-v1.test_closed_session" name="test_protocol_metadata_cannot_substitute_for_bound_native_data[boolean_pid]" time="0.005" /><testcase classname="research.proof-runtime-v1.test_closed_session" name="test_protocol_metadata_cannot_substitute_for_bound_native_data[post_check_source]" time="0.008" /><testcase classname="research.proof-runtime-v1.test_closed_session" name="test_refused_descriptor_and_readiness_cost_are_preserved" time="0.004" /><testcase classname="research.proof-runtime-v1.test_lifecycle_contract" name="test_full_lifecycle_consumes_two_real_solve_routes_and_no_extra_checks" time="0.049"><failure message="AssertionError: {'bytes_before_result_write': 4223, 'cost_scope': 'Outer wall includes freeze, two cold sessions, solve/check/admissio...outer costs.', 'cpu_s': None, 'freeze_sha256': 'f7552a81826fb7964bc218d8068ed2218c10ef6f7c02832226c88da1c46400e9', ...}&#10;assert 'CANNOT_CHECK' == 'PROOF_RUNTIM...SSIONING_PASS'&#10;  &#10;  - PROOF_RUNTIME_LIFECYCLE_COMMISSIONING_PASS&#10;  + CANNOT_CHECK">case = (PosixPath('/tmp/pytest-of-billy/pytest-264/test_full_lifecycle_consumes_t0/manifest.json'), 'cfb77358f2046c4fea6318e5...ifecycle_consumes_t0/run'), [], PosixPath('/tmp/pytest-of-billy/pytest-264/test_full_lifecycle_consumes_t0/source.py'))

    def test_full_lifecycle_consumes_two_real_solve_routes_and_no_extra_checks(case):
        manifest, digest, out, calls, _ = case
        result = L.run(manifest, digest, out)
&gt;       assert result["terminal"] == "PROOF_RUNTIME_LIFECYCLE_COMMISSIONING_PASS", result
E       AssertionError: {'bytes_before_result_write': 4223, 'cost_scope': 'Outer wall includes freeze, two cold sessions, solve/check/admissio...outer costs.', 'cpu_s': None, 'freeze_sha256': 'f7552a81826fb7964bc218d8068ed2218c10ef6f7c02832226c88da1c46400e9', ...}
E       assert 'CANNOT_CHECK' == 'PROOF_RUNTIM...SSIONING_PASS'
E         
E         - PROOF_RUNTIME_LIFECYCLE_COMMISSIONING_PASS
E         + CANNOT_CHECK

research/proof-runtime-v1/test_lifecycle_contract.py:33: AssertionError</failure></testcase><testcase classname="research.proof-runtime-v1.test_lifecycle_contract" name="test_bad_manifest_stops_before_session_and_preserves_failure" time="0.004" /><testcase classname="research.proof-runtime-v1.test_lifecycle_contract" name="test_existing_destination_never_overwritten" time="0.001" /><testcase classname="research.proof-runtime-v1.test_lifecycle_contract" name="test_wrong_status_cannot_create_success_receipt" time="0.039"><failure message="AssertionError: assert ('CANNOT_CHECK' == 'CANNOT_CHECK'&#10;  &#10;    CANNOT_CHECK and [] == ['worker', 'checker']&#10;  &#10;  Right contains 2 more items, first extra item: 'worker'&#10;  Use -v to get more diff)">case = (PosixPath('/tmp/pytest-of-billy/pytest-264/test_wrong_status_cannot_creat0/manifest.json'), '76491f465fbc6ad65d1b45ac...status_cannot_creat0/run'), [], PosixPath('/tmp/pytest-of-billy/pytest-264/test_wrong_status_cannot_creat0/source.py'))
monkeypatch = &lt;_pytest.monkeypatch.MonkeyPatch object at 0x7fba9acf1590&gt;

    def test_wrong_status_cannot_create_success_receipt(case, monkeypatch):
        manifest, digest, out, calls, _ = case
        original = L.ProofRuntimeView.proof_status
        def wrong(self):
            result = original(self)
            if result["terminal"] == "LIVE": result["terminal"] = "OPEN"
            return result
        monkeypatch.setattr(L.ProofRuntimeView, "proof_status", wrong)
        r = L.run(manifest, digest, out)
&gt;       assert r["terminal"] == "CANNOT_CHECK" and [c[0] for c in calls] == ["worker", "checker"]
E       AssertionError: assert ('CANNOT_CHECK' == 'CANNOT_CHECK'
E         
E           CANNOT_CHECK and [] == ['worker', 'checker']
E         
E         Right contains 2 more items, first extra item: 'worker'
E         Use -v to get more diff)

research/proof-runtime-v1/test_lifecycle_contract.py:72: AssertionError</failure></testcase><testcase classname="research.proof-runtime-v1.test_lifecycle_contract" name="test_post_dispatch_source_drift_preserves_returned_raw_value" time="0.038"><failure message="AssertionError: assert ('CANNOT_CHECK' == 'CANNOT_CHECK'&#10;  &#10;    CANNOT_CHECK and 0 == 2)&#10; +  where 0 = len([])">case = (PosixPath('/tmp/pytest-of-billy/pytest-264/test_post_dispatch_source_drif0/manifest.json'), '070f2bbb73c38b9f6490c3ec...ispatch_source_drif0/run'), [], PosixPath('/tmp/pytest-of-billy/pytest-264/test_post_dispatch_source_drif0/source.py'))
monkeypatch = &lt;_pytest.monkeypatch.MonkeyPatch object at 0x7fba9ac59490&gt;

    def test_post_dispatch_source_drift_preserves_returned_raw_value(case, monkeypatch):
        manifest, digest, out, calls, sentinel = case
        original = L.ProofRuntimeView.attempt
        def drift(self):
            result = original(self); sentinel.write_text("changed = True\n"); return result
        monkeypatch.setattr(L.ProofRuntimeView, "attempt", drift)
        r = L.run(manifest, digest, out)
&gt;       assert r["terminal"] == "CANNOT_CHECK" and len(calls) == 2
E       AssertionError: assert ('CANNOT_CHECK' == 'CANNOT_CHECK'
E         
E           CANNOT_CHECK and 0 == 2)
E        +  where 0 = len([])

research/proof-runtime-v1/test_lifecycle_contract.py:82: AssertionError</failure></testcase><testcase classname="research.proof-runtime-v1.test_lifecycle_contract" name="test_status_cannot_dispatch_or_mint_even_if_live" time="0.039"><failure message="AssertionError: assert ('CANNOT_CHECK' == 'CANNOT_CHECK'&#10;  &#10;    CANNOT_CHECK and 0 == 2)&#10; +  where 0 = len([])">case = (PosixPath('/tmp/pytest-of-billy/pytest-264/test_status_cannot_dispatch_or0/manifest.json'), '7cad67c814cb483023b92083..._cannot_dispatch_or0/run'), [], PosixPath('/tmp/pytest-of-billy/pytest-264/test_status_cannot_dispatch_or0/source.py'))
monkeypatch = &lt;_pytest.monkeypatch.MonkeyPatch object at 0x7fba9ae09190&gt;

    def test_status_cannot_dispatch_or_mint_even_if_live(case, monkeypatch):
        manifest, digest, out, calls, _ = case
        original = L.ProofRuntimeView.proof_status
        def mint(self):
            if self.routes(): self.rt.admit_evidence({"fake": True}, "instruction", "status")
            return original(self)
        monkeypatch.setattr(L.ProofRuntimeView, "proof_status", mint)
        r = L.run(manifest, digest, out)
&gt;       assert r["terminal"] == "CANNOT_CHECK" and len(calls) == 2
E       AssertionError: assert ('CANNOT_CHECK' == 'CANNOT_CHECK'
E         
E           CANNOT_CHECK and 0 == 2)
E        +  where 0 = len([])

research/proof-runtime-v1/test_lifecycle_contract.py:94: AssertionError</failure></testcase><testcase classname="research.proof-runtime-v1.test_lifecycle_contract" name="test_nonzero_or_bound_replay_never_passes" time="0.040"><failure message="AssertionError: assert ('CANNOT_CHECK' == 'CANNOT_CHECK'&#10;  &#10;    CANNOT_CHECK and 0 == 2)&#10; +  where 0 = len([])">case = (PosixPath('/tmp/pytest-of-billy/pytest-264/test_nonzero_or_bound_replay_n0/manifest.json'), 'bdd67a093c21f463f74d13e3...o_or_bound_replay_n0/run'), [], PosixPath('/tmp/pytest-of-billy/pytest-264/test_nonzero_or_bound_replay_n0/source.py'))
monkeypatch = &lt;_pytest.monkeypatch.MonkeyPatch object at 0x7fba9ae08090&gt;

    def test_nonzero_or_bound_replay_never_passes(case, monkeypatch):
        manifest, digest, out, calls, _ = case
        monkeypatch.setattr(L, "replay", lambda *args: {"returncode": 1, "terminal": "COMPLETED", "result": {
            "status": {"terminal": "LIVE"}, "session_bound": False, "host_operators": [],
            "executable_operators": [], "read_only": True}})
        r = L.run(manifest, digest, out)
&gt;       assert r["terminal"] == "CANNOT_CHECK" and len(calls) == 2
E       AssertionError: assert ('CANNOT_CHECK' == 'CANNOT_CHECK'
E         
E           CANNOT_CHECK and 0 == 2)
E        +  where 0 = len([])

research/proof-runtime-v1/test_lifecycle_contract.py:103: AssertionError</failure></testcase><testcase classname="research.proof-runtime-v1.test_lifecycle_contract" name="test_freeze_tamper_refused_before_restoring" time="0.036" /><testcase classname="research.proof-runtime-v1.test_lifecycle_contract" name="test_replay_process_evidence_must_match[cleanup]" time="0.039" /><testcase classname="research.proof-runtime-v1.test_lifecycle_contract" name="test_replay_process_evidence_must_match[pid]" time="0.040" /><testcase classname="research.proof-runtime-v1.test_lifecycle_contract" name="test_replay_process_evidence_must_match[rebind]" time="0.039" /><testcase classname="research.proof-runtime-v1.test_lifecycle_contract" name="test_claim_route_must_match_actual_solve_candidate[replacement0]" time="0.040" /><testcase classname="research.proof-runtime-v1.test_lifecycle_contract" name="test_claim_route_must_match_actual_solve_candidate[replacement1]" time="0.038" /><testcase classname="research.proof-runtime-v1.test_lifecycle_contract" name="test_cold_process_uses_declared_sources_and_no_callbacks" time="0.765" /><testcase classname="research.proof-runtime-v1.test_lifecycle_contract" name="test_unclean_child_stderr_cannot_pass" time="0.041" /><testcase classname="research.proof-runtime-v1.test_lifecycle_contract" name="test_unisolated_parent_refused_before_session" time="0.040" /><testcase classname="research.proof-runtime-v1.test_lifecycle_contract" name="test_replay_interruption_reaps_and_retains_envelope[error0]" time="0.001" /><testcase classname="research.proof-runtime-v1.test_lifecycle_contract" name="test_replay_interruption_reaps_and_retains_envelope[error1]" time="0.001" /></testsuite></testsuites>