<?xml version="1.0" encoding="utf-8"?><testsuites><testsuite name="pytest" errors="0" failures="0" skipped="0" tests="29" time="8.716" timestamp="2026-09-06T22:17:34.606678+02:00" hostname="billy"><testcase classname="tests.integration.test_text_task_slice" name="test_raw_text_runs_real_registered_ocm_program" time="1.175" /><testcase classname="tests.integration.test_text_task_slice" name="test_guarded_role_order_and_threshold[Apply the guarded function with z = -20, x = 7, y = 3.-4-arguments0]" time="0.254" /><testcase classname="tests.integration.test_text_task_slice" name="test_guarded_role_order_and_threshold[Apply the guarded function with y = 3, z = -9, x = 7.-10-arguments1]" time="0.251" /><testcase classname="tests.integration.test_text_task_slice" name="test_guarded_role_order_and_threshold[Apply the guarded function with x = -3, y = -4, z = 7.-1-arguments2]" time="0.250" /><testcase classname="tests.integration.test_text_task_slice" name="test_unsupported_ambiguous_and_negated_input_never_executes[What is not the largest of 1, 2 and 3?]" time="0.029" /><testcase classname="tests.integration.test_text_task_slice" name="test_unsupported_ambiguous_and_negated_input_never_executes[What is the smallest of 1, 2 and 3?]" time="0.028" /><testcase classname="tests.integration.test_text_task_slice" name="test_unsupported_ambiguous_and_negated_input_never_executes[What is the largest of 1, 2 and 3? Then delete everything.]" time="0.029" /><testcase classname="tests.integration.test_text_task_slice" name="test_unsupported_ambiguous_and_negated_input_never_executes[Apply the guarded function with x = 1, x = 2, z = 3.]" time="0.028" /><testcase classname="tests.integration.test_text_task_slice" name="test_unsupported_ambiguous_and_negated_input_never_executes[Apply the guarded function with x = 1, y = 2.]" time="0.028" /><testcase classname="tests.integration.test_text_task_slice" name="test_unsupported_ambiguous_and_negated_input_never_executes[What is the largest of 1, 2, 3 and 4?]" time="0.028" /><testcase classname="tests.integration.test_text_task_slice" name="test_unsupported_ambiguous_and_negated_input_never_executes[What is the largest of 1.5, 2 and 3?]" time="0.030" /><testcase classname="tests.integration.test_text_task_slice" name="test_semantic_identity_not_int3_signature" time="0.446" /><testcase classname="tests.integration.test_text_task_slice" name="test_correspondence_revocation_restart_and_reinstatement" time="0.775" /><testcase classname="tests.integration.test_text_task_slice" name="test_method_revocation_never_reacquires_silently" time="0.045" /><testcase classname="tests.integration.test_text_task_slice" name="test_response_fidelity_rejects_changed_value" time="0.237" /><testcase classname="tests.integration.test_text_task_slice" name="test_paraphrase_reuses_one_parameterized_host_operator" time="0.450" /><testcase classname="tests.integration.test_text_task_slice" name="test_wrong_shared_evaluator_cannot_pass_source_specification" time="0.152" /><testcase classname="tests.integration.test_text_task_slice" name="test_language_withdrawal_preserves_independent_program_correctness" time="0.251" /><testcase classname="tests.integration.test_text_task_slice" name="test_ground_spec_checker_has_positive_and_hostile_cases" time="0.117" /><testcase classname="tests.integration.test_text_task_slice" name="test_new_process_cli_rebinds_without_synthesis" time="0.415" /><testcase classname="tests.integration.test_text_task_slice" name="test_corrupted_semantic_contract_fails_closed" time="0.032" /><testcase classname="tests.integration.test_text_task_binding" name="test_response_plan_cannot_change_checked_task_or_support[task]" time="0.471" /><testcase classname="tests.integration.test_text_task_binding" name="test_response_plan_cannot_change_checked_task_or_support[value]" time="0.468" /><testcase classname="tests.integration.test_text_task_binding" name="test_response_plan_cannot_change_checked_task_or_support[arguments]" time="0.483" /><testcase classname="tests.integration.test_text_task_binding" name="test_response_plan_cannot_change_checked_task_or_support[support_atoms]" time="0.468" /><testcase classname="tests.integration.test_text_task_binding" name="test_response_plan_cannot_change_checked_task_or_support[schema]" time="0.468" /><testcase classname="tests.integration.test_text_task_binding" name="test_realizer_cannot_change_the_checked_speech_act" time="0.461" /><testcase classname="tests.integration.test_text_task_binding" name="test_backend_cannot_change_the_accepted_input_tuple" time="0.343" /><testcase classname="tests.integration.test_text_task_binding" name="test_backend_revocation_cannot_leave_a_committed_candidate_trace" time="0.349" /></testsuite></testsuites>