<?xml version="1.0" encoding="utf-8"?><testsuites><testsuite name="pytest" errors="0" failures="0" skipped="7" tests="230" time="4.603" timestamp="2026-09-07T09:26:59.527893+02:00" hostname="billy"><testcase classname="research.proof-corpus-coverage-v1.test_build_profile" name="test_bound_manifest_and_directory_inventory" time="0.009" /><testcase classname="research.proof-corpus-coverage-v1.test_build_profile" name="test_reject_unregistered_dispatch_before_execution" time="0.007" /><testcase classname="research.proof-corpus-coverage-v1.test_build_profile" name="test_reject_writable_overlap_and_caller_audit_drift" time="0.007" /><testcase classname="research.proof-corpus-coverage-v1.test_build_profile" name="test_no_implicit_host_mounts" time="0.006" /><testcase classname="research.proof-corpus-coverage-v1.test_build_profile" name="test_reject_host_write_alias_into_material" time="0.007" /><testcase classname="research.proof-corpus-coverage-v1.test_build_profile" name="test_keep_policy_when_workload_cleanup_incomplete" time="0.009" /><testcase classname="research.proof-corpus-coverage-v1.test_build_profile" name="test_post_dispatch_input_drift_never_passes" time="0.008" /><testcase classname="research.proof-corpus-coverage-v1.test_build_profile" name="test_workload_cannot_mount_supervisor_receipts[equal]" time="0.006" /><testcase classname="research.proof-corpus-coverage-v1.test_build_profile" name="test_workload_cannot_mount_supervisor_receipts[ancestor]" time="0.007" /><testcase classname="research.proof-corpus-coverage-v1.test_build_profile" name="test_workload_cannot_mount_supervisor_receipts[descendant]" time="0.007" /><testcase classname="research.proof-corpus-coverage-v1.test_build_profile_contract" name="test_material_inventory_detects_added_file_and_symlink_escape" time="0.001" /><testcase classname="research.proof-corpus-coverage-v1.test_build_profile_contract" name="test_profile_path_injection_refuses[/../etc]" time="0.000" /><testcase classname="research.proof-corpus-coverage-v1.test_build_profile_contract" name="test_profile_path_injection_refuses[/x//z]" time="0.000" /><testcase classname="research.proof-corpus-coverage-v1.test_build_profile_contract" name="test_profile_path_injection_refuses[/x&quot; rw, /etc/**]" time="0.000" /><testcase classname="research.proof-corpus-coverage-v1.test_build_profile_contract" name="test_profile_path_injection_refuses[/x\n/etc]" time="0.000" /><testcase classname="research.proof-corpus-coverage-v1.test_build_profile_contract" name="test_profile_path_injection_refuses[/]" time="0.000" /><testcase classname="research.proof-corpus-coverage-v1.test_build_profile_contract" name="test_profile_grants_mapping_only_to_registered_libraries" time="0.000" /><testcase classname="research.proof-corpus-coverage-v1.test_build_profile_contract" name="test_material_scan_permission_error_never_claims_complete" time="0.000" /><testcase classname="research.proof-corpus-coverage-v1.test_native_capture_records.CaptureFailureRecords" name="test_nonzero_retains_request_streams_and_partial_artifact" time="0.002" /><testcase classname="research.proof-corpus-coverage-v1.test_native_capture_records.CaptureFailureRecords" name="test_spawn_failure_retains_request_and_unknown_stream_availability" time="0.001" /><testcase classname="research.proof-corpus-coverage-v1.test_native_capture_records.CaptureFailureRecords" name="test_success_retains_identical_stream_and_result" time="0.001" /><testcase classname="research.proof-corpus-coverage-v1.test_native_capture_records.CaptureFailureRecords" name="test_timeout_retains_available_partial_streams_without_cleanup_claim" time="0.001" /><testcase classname="research.proof-corpus-coverage-v1.test_native_evidence.NativeArchiveControls" name="test_absolute_member" time="0.001" /><testcase classname="research.proof-corpus-coverage-v1.test_native_evidence.NativeArchiveControls" name="test_archive_corruption" time="0.001" /><testcase classname="research.proof-corpus-coverage-v1.test_native_evidence.NativeArchiveControls" name="test_boolean_count_refuses" time="0.001" /><testcase classname="research.proof-corpus-coverage-v1.test_native_evidence.NativeArchiveControls" name="test_changed_member" time="0.001" /><testcase classname="research.proof-corpus-coverage-v1.test_native_evidence.NativeArchiveControls" name="test_clean_package" time="0.001" /><testcase classname="research.proof-corpus-coverage-v1.test_native_evidence.NativeArchiveControls" name="test_clean_roundtrip" time="0.001" /><testcase classname="research.proof-corpus-coverage-v1.test_native_evidence.NativeArchiveControls" name="test_current_source_drift" time="0.002" /><testcase classname="research.proof-corpus-coverage-v1.test_native_evidence.NativeArchiveControls" name="test_duplicate_json_key" time="0.001" /><testcase classname="research.proof-corpus-coverage-v1.test_native_evidence.NativeArchiveControls" name="test_duplicate_member" time="0.001" /><testcase classname="research.proof-corpus-coverage-v1.test_native_evidence.NativeArchiveControls" name="test_extra_member" time="0.001" /><testcase classname="research.proof-corpus-coverage-v1.test_native_evidence.NativeArchiveControls" name="test_index_archive_binding_mismatch_refuses" time="0.001" /><testcase classname="research.proof-corpus-coverage-v1.test_native_evidence.NativeArchiveControls" name="test_link_member" time="0.001" /><testcase classname="research.proof-corpus-coverage-v1.test_native_evidence.NativeArchiveControls" name="test_missing_member" time="0.001" /><testcase classname="research.proof-corpus-coverage-v1.test_native_evidence.NativeArchiveControls" name="test_seal_cannot_self_reauthorize" time="0.001" /><testcase classname="research.proof-corpus-coverage-v1.test_native_evidence.NativeArchiveControls" name="test_source_symlink_cannot_escape_registered_root" time="0.001" /><testcase classname="research.proof-corpus-coverage-v1.test_native_evidence.NativeArchiveControls" name="test_traversal_member" time="0.000" /><testcase classname="research.proof-corpus-coverage-v1.test_native_evidence.NativeArchiveControls" name="test_unsealed_file_refuses" time="0.001" /><testcase classname="research.proof-corpus-coverage-v1.test_native_evidence.NativeArchiveControls" name="test_wrong_declared_count" time="0.001" /><testcase classname="research.proof-corpus-coverage-v1.test_native_ranges.SelectorTests" name="test_changed_registered_name_refuses" time="0.000" /><testcase classname="research.proof-corpus-coverage-v1.test_native_ranges.SelectorTests" name="test_changed_segment_refuses_even_if_its_own_hash_is_repaired" time="0.000" /><testcase classname="research.proof-corpus-coverage-v1.test_native_ranges.SelectorTests" name="test_changed_source_refuses" time="0.000" /><testcase classname="research.proof-corpus-coverage-v1.test_native_ranges.SelectorTests" name="test_exact_source_positions_from_retained_segments" time="0.000" /><testcase classname="research.proof-corpus-coverage-v1.test_native_ranges.SelectorTests" name="test_header_injected_command_is_not_a_declaration_selector" time="0.000" /><testcase classname="research.proof-corpus-coverage-v1.test_native_ranges.SelectorTests" name="test_modifier_prefix_stays_part_of_core_range" time="0.000" /><testcase classname="research.proof-corpus-coverage-v1.test_native_ranges.SelectorTests" name="test_parent_trailing_apostrophe_is_explicitly_corrected" time="0.001" /><testcase classname="research.proof-corpus-coverage-v1.test_native_ranges.SelectorTests" name="test_qualified_apostrophe_name_uses_the_complete_token" time="0.000" /><testcase classname="research.proof-corpus-coverage-v1.test_native_ranges.SelectorTests" name="test_unicode_is_codepoints_not_utf8_bytes" time="0.000" /><testcase classname="research.proof-corpus-coverage-v1.test_profile_dispatch" name="test_profile_retains_actual_dispatch_or_explicit_uncertainty[custody]" time="0.130" /><testcase classname="research.proof-corpus-coverage-v1.test_profile_dispatch" name="test_profile_retains_actual_dispatch_or_explicit_uncertainty[returned_failure]" time="0.130" /><testcase classname="research.proof-corpus-coverage-v1.test_profile_dispatch" name="test_profile_retains_actual_dispatch_or_explicit_uncertainty[unreturned]" time="0.128" /><testcase classname="research.proof-corpus-coverage-v1.test_profile_dispatch" name="test_profile_retains_actual_dispatch_or_explicit_uncertainty[precommand]" time="0.009" /><testcase classname="research.proof-corpus-coverage-v1.test_profile_dispatch" name="test_profile_retains_actual_dispatch_or_explicit_uncertainty[None]" time="0.129" /><testcase classname="research.proof-corpus-coverage-v1.test_profile_dispatch" name="test_cleanup_override_keeps_custody_failure" time="0.008" /><testcase classname="research.proof-corpus-coverage-v1.test_registration_evidence" name="test_actual_derived_records_no_alarm" time="0.649" /><testcase classname="research.proof-corpus-coverage-v1.test_registration_evidence" name="test_authentic_package_tamper_refuses[MANIFEST.json]" time="0.007" /><testcase classname="research.proof-corpus-coverage-v1.test_registration_evidence" name="test_authentic_package_tamper_refuses[registration-derived.tar.gz]" time="0.015" /><testcase classname="research.proof-corpus-coverage-v1.test_registration_evidence" name="test_authentic_package_tamper_refuses[registration-derived.members.json]" time="0.013" /><testcase classname="research.proof-corpus-coverage-v1.test_registration_evidence" name="test_authentic_package_tamper_refuses[supporting.tar.gz]" time="0.128" /><testcase classname="research.proof-corpus-coverage-v1.test_registration_evidence" name="test_authentic_package_tamper_refuses[OMITTED.json]" time="0.125" /><testcase classname="research.proof-corpus-coverage-v1.test_registration_evidence" name="test_isolated_cli_ignores_matching_header_bytecode" time="0.038" /><testcase classname="research.proof-corpus-coverage-v1.test_registration_evidence_archive" name="test_exact_regular_archive_no_alarm" time="0.001" /><testcase classname="research.proof-corpus-coverage-v1.test_registration_evidence_archive" name="test_ambiguous_member_refuses[.]" time="0.001" /><testcase classname="research.proof-corpus-coverage-v1.test_registration_evidence_archive" name="test_ambiguous_member_refuses[../escape]" time="0.001" /><testcase classname="research.proof-corpus-coverage-v1.test_registration_evidence_archive" name="test_ambiguous_member_refuses[/absolute]" time="0.001" /><testcase classname="research.proof-corpus-coverage-v1.test_registration_evidence_archive" name="test_ambiguous_member_refuses[a/../b]" time="0.001" /><testcase classname="research.proof-corpus-coverage-v1.test_registration_evidence_archive" name="test_ambiguous_member_refuses[a//b]" time="0.001" /><testcase classname="research.proof-corpus-coverage-v1.test_registration_evidence_archive" name="test_ambiguous_member_refuses[a\\b]" time="0.001" /><testcase classname="research.proof-corpus-coverage-v1.test_registration_evidence_archive" name="test_nonregular_member_refuses[2]" time="0.001" /><testcase classname="research.proof-corpus-coverage-v1.test_registration_evidence_archive" name="test_nonregular_member_refuses[1]" time="0.001" /><testcase classname="research.proof-corpus-coverage-v1.test_registration_evidence_archive" name="test_nonregular_member_refuses[5]" time="0.001" /><testcase classname="research.proof-corpus-coverage-v1.test_registration_evidence_archive" name="test_duplicate_member_refuses" time="0.001" /><testcase classname="research.proof-corpus-coverage-v1.test_registration_evidence_archive" name="test_membership_or_bytes_tamper_refuses[members0]" time="0.001" /><testcase classname="research.proof-corpus-coverage-v1.test_registration_evidence_archive" name="test_membership_or_bytes_tamper_refuses[members1]" time="0.001" /><testcase classname="research.proof-corpus-coverage-v1.test_registration_evidence_archive" name="test_membership_or_bytes_tamper_refuses[members2]" time="0.001" /><testcase classname="research.proof-corpus-coverage-v1.test_registration_evidence_archive" name="test_members_after_tar_end_records_are_checked[excluded]" time="0.001" /><testcase classname="research.proof-corpus-coverage-v1.test_registration_evidence_archive" name="test_members_after_tar_end_records_are_checked[included]" time="0.001" /><testcase classname="research.proof-corpus-coverage-v1.test_registration_evidence_bindings" name="test_all_twelve_source_bindings_match" time="0.002" /><testcase classname="research.proof-corpus-coverage-v1.test_registration_evidence_bindings" name="test_exact_four_omissions_no_alarm" time="0.001" /><testcase classname="research.proof-corpus-coverage-v1.test_registration_evidence_bindings" name="test_source_drift_refuses" time="0.001" /><testcase classname="research.proof-corpus-coverage-v1.test_registration_evidence_bindings" name="test_omission_tamper_refuses[extra]" time="0.001" /><testcase classname="research.proof-corpus-coverage-v1.test_registration_evidence_bindings" name="test_omission_tamper_refuses[missing]" time="0.001" /><testcase classname="research.proof-corpus-coverage-v1.test_registration_evidence_bindings" name="test_omission_tamper_refuses[hash]" time="0.001" /><testcase classname="research.proof-corpus-coverage-v1.test_registration_evidence_bindings" name="test_omission_tamper_refuses[snapshot]" time="0.001" /><testcase classname="research.proof-corpus-coverage-v1.test_registration_evidence_bindings" name="test_omission_tamper_refuses[prior]" time="0.001" /><testcase classname="research.proof-corpus-coverage-v1.test_registration_evidence_bindings" name="test_omission_tamper_refuses[member]" time="0.001" /><testcase classname="research.proof-corpus-coverage-v1.test_registration_evidence_bindings" name="test_source_directory_escape_refuses_even_matching_bytes" time="0.001" /><testcase classname="research.proof-corpus-coverage-v1.test_registration_evidence_order" name="test_complete_order_and_four_assignments_no_alarm" time="0.000" /><testcase classname="research.proof-corpus-coverage-v1.test_registration_evidence_order" name="test_registered_order_tamper_refuses[&lt;lambda&gt;0]" time="0.000" /><testcase classname="research.proof-corpus-coverage-v1.test_registration_evidence_order" name="test_registered_order_tamper_refuses[&lt;lambda&gt;1]" time="0.000" /><testcase classname="research.proof-corpus-coverage-v1.test_registration_evidence_order" name="test_registered_order_tamper_refuses[&lt;lambda&gt;2]" time="0.000" /><testcase classname="research.proof-corpus-coverage-v1.test_registration_evidence_order" name="test_registered_order_tamper_refuses[&lt;lambda&gt;3]" time="0.000" /><testcase classname="research.proof-corpus-coverage-v1.test_registration_evidence_order" name="test_registered_order_tamper_refuses[&lt;lambda&gt;4]" time="0.000" /><testcase classname="research.proof-corpus-coverage-v1.test_registration_evidence_order" name="test_registered_order_tamper_refuses[&lt;lambda&gt;5]" time="0.000" /><testcase classname="research.proof-corpus-coverage-v1.test_registration_evidence_order" name="test_registered_order_tamper_refuses[&lt;lambda&gt;6]" time="0.000" /><testcase classname="research.proof-corpus-coverage-v1.test_registration_evidence_order" name="test_registered_order_tamper_refuses[&lt;lambda&gt;7]" time="0.001" /><testcase classname="research.proof-corpus-coverage-v1.test_registration_evidence_order" name="test_registered_order_tamper_refuses[&lt;lambda&gt;8]" time="0.000" /><testcase classname="research.proof-corpus-coverage-v1.test_registration_evidence_order" name="test_registered_order_tamper_refuses[&lt;lambda&gt;9]" time="0.000" /><testcase classname="research.proof-corpus-coverage-v1.test_registration_evidence_order" name="test_registered_order_tamper_refuses[&lt;lambda&gt;10]" time="0.000" /><testcase classname="research.proof-corpus-coverage-v1.test_registration_evidence_order" name="test_registered_order_tamper_refuses[&lt;lambda&gt;11]" time="0.000" /><testcase classname="research.proof-corpus-coverage-v1.test_registration_evidence_order" name="test_registered_order_tamper_refuses[&lt;lambda&gt;12]" time="0.000" /><testcase classname="research.proof-corpus-coverage-v1.test_resource_boot" name="test_source_entry_ignores_matching_header_cached_code" time="0.040" /><testcase classname="research.proof-corpus-coverage-v1.test_resource_boot" name="test_preloaded_unstamped_module_is_replaced" time="0.006" /><testcase classname="research.proof-corpus-coverage-v1.test_resource_boot" name="test_privileged_helper_contract_uses_source_bytes" time="0.029" /><testcase classname="research.proof-corpus-coverage-v1.test_resource_cgroup" name="test_owned_v1_controller_has_exact_readback_and_no_tasks" time="0.000"><skipped type="pytest.skip" message="explicit scoped laptop controller qualification required">/home/billy/orion-director-work/20260907/ocm-proof-corpus-coverage/research/proof-corpus-coverage-v1/test_resource_cgroup.py:10: explicit scoped laptop controller qualification required</skipped></testcase><testcase classname="research.proof-corpus-coverage-v1.test_resource_cgroup" name="test_unsafe_group_name_is_rejected_before_sudo" time="0.000"><skipped type="pytest.skip" message="explicit scoped laptop controller qualification required">/home/billy/orion-director-work/20260907/ocm-proof-corpus-coverage/research/proof-corpus-coverage-v1/test_resource_cgroup.py:22: explicit scoped laptop controller qualification required</skipped></testcase><testcase classname="research.proof-corpus-coverage-v1.test_resource_contract" name="test_exact_limits_validate_and_memsw_is_aggregate" time="0.000" /><testcase classname="research.proof-corpus-coverage-v1.test_resource_contract" name="test_invalid_or_unbounded_limits_refuse[pids-0]" time="0.000" /><testcase classname="research.proof-corpus-coverage-v1.test_resource_contract" name="test_invalid_or_unbounded_limits_refuse[cpu_quota_us-200001]" time="0.000" /><testcase classname="research.proof-corpus-coverage-v1.test_resource_contract" name="test_invalid_or_unbounded_limits_refuse[poll_s-0]" time="0.000" /><testcase classname="research.proof-corpus-coverage-v1.test_resource_contract" name="test_invalid_or_unbounded_limits_refuse[wall_s-inf]" time="0.000" /><testcase classname="research.proof-corpus-coverage-v1.test_resource_contract" name="test_invalid_or_unbounded_limits_refuse[max_file_bytes-9663676416]" time="0.000" /><testcase classname="research.proof-corpus-coverage-v1.test_resource_contract" name="test_invalid_or_unbounded_limits_refuse[pids-True]" time="0.000" /><testcase classname="research.proof-corpus-coverage-v1.test_resource_contract" name="test_missing_or_added_setting_refuses" time="0.000" /><testcase classname="research.proof-corpus-coverage-v1.test_resource_dispatch" name="test_actual_started_child_keeps_dispatch_and_primary_cause[None]" time="0.121" /><testcase classname="research.proof-corpus-coverage-v1.test_resource_dispatch" name="test_actual_started_child_keeps_dispatch_and_primary_cause[disk]" time="0.070" /><testcase classname="research.proof-corpus-coverage-v1.test_resource_dispatch" name="test_actual_started_child_keeps_dispatch_and_primary_cause[controller]" time="0.070" /><testcase classname="research.proof-corpus-coverage-v1.test_resource_dispatch" name="test_actual_started_child_keeps_dispatch_and_primary_cause[sample]" time="0.070" /><testcase classname="research.proof-corpus-coverage-v1.test_resource_dispatch" name="test_actual_started_child_keeps_dispatch_and_primary_cause[cleanup]" time="0.070" /><testcase classname="research.proof-corpus-coverage-v1.test_resource_dispatch" name="test_actual_started_child_keeps_dispatch_and_primary_cause[raw]" time="0.122" /><testcase classname="research.proof-corpus-coverage-v1.test_resource_dispatch" name="test_actual_started_child_keeps_dispatch_and_primary_cause[missing_raw]" time="0.120" /><testcase classname="research.proof-corpus-coverage-v1.test_resource_dispatch" name="test_launch_exception_does_not_claim_not_attempted_or_reaped" time="0.001" /><testcase classname="research.proof-corpus-coverage-v1.test_resource_dispatch" name="test_initial_scan_failure_is_truthfully_no_dispatch" time="0.001" /><testcase classname="research.proof-corpus-coverage-v1.test_resource_dispatch" name="test_existing_clean_no_alarm" time="0.120" /><testcase classname="research.proof-corpus-coverage-v1.test_resource_dispatch" name="test_nonzero_primary_survives_late_custody_failure[None]" time="0.120" /><testcase classname="research.proof-corpus-coverage-v1.test_resource_dispatch" name="test_nonzero_primary_survives_late_custody_failure[raw]" time="0.120" /><testcase classname="research.proof-corpus-coverage-v1.test_resource_dispatch" name="test_nonzero_primary_survives_late_custody_failure[late_cleanup]" time="0.120" /><testcase classname="research.proof-corpus-coverage-v1.test_resource_dispatch" name="test_final_disk_failure_retains_completed_child" time="0.120" /><testcase classname="research.proof-corpus-coverage-v1.test_resource_evidence.ResourceEvidenceTests" name="test_boolean_archive_count" time="0.003" /><testcase classname="research.proof-corpus-coverage-v1.test_resource_evidence.ResourceEvidenceTests" name="test_clean_archive_and_source_ignore_omitted_host_paths" time="0.002" /><testcase classname="research.proof-corpus-coverage-v1.test_resource_evidence.ResourceEvidenceTests" name="test_corrupted_archive" time="0.002" /><testcase classname="research.proof-corpus-coverage-v1.test_resource_evidence.ResourceEvidenceTests" name="test_duplicate_archive_row" time="0.002" /><testcase classname="research.proof-corpus-coverage-v1.test_resource_evidence.ResourceEvidenceTests" name="test_replaced_seal" time="0.002" /><testcase classname="research.proof-corpus-coverage-v1.test_resource_evidence.ResourceEvidenceTests" name="test_source_drift" time="0.002" /><testcase classname="research.proof-corpus-coverage-v1.test_resource_evidence.ResourceEvidenceTests" name="test_source_symlink_refuses" time="0.002" /><testcase classname="research.proof-corpus-coverage-v1.test_resource_evidence.ResourceEvidenceTests" name="test_unbound_helper_source_refuses_before_execution" time="0.001" /><testcase classname="research.proof-corpus-coverage-v1.test_resource_evidence.ResourceEvidenceTests" name="test_unsealed_extra_file" time="0.002" /><testcase classname="research.proof-corpus-coverage-v1.test_resource_evidence.ResourceEvidenceTests" name="test_wrong_index_archive_hash" time="0.002" /><testcase classname="research.proof-corpus-coverage-v1.test_resource_evidence.ResourceEvidenceTests" name="test_wrong_member_payload" time="0.002" /><testcase classname="research.proof-corpus-coverage-v1.test_resource_monitor" name="test_walk_permission_error_is_not_empty_success" time="0.001" /><testcase classname="research.proof-corpus-coverage-v1.test_resource_monitor" name="test_repeated_disk_failure_still_retains_receipt_and_restores_handlers" time="0.001" /><testcase classname="research.proof-corpus-coverage-v1.test_resource_monitor" name="test_seal_write_failure_still_restores_handlers" time="0.001" /><testcase classname="research.proof-corpus-coverage-v1.test_resource_pidfd" name="test_fallback_owned_child_exit_and_signal_zero" time="0.002" /><testcase classname="research.proof-corpus-coverage-v1.test_resource_runner" name="test_clean_spool_and_descendant_controller_membership" time="0.000"><skipped type="pytest.skip" message="explicit scoped laptop controller qualification required">/home/billy/orion-director-work/20260907/ocm-proof-corpus-coverage/research/proof-corpus-coverage-v1/test_resource_runner.py:11: explicit scoped laptop controller qualification required</skipped></testcase><testcase classname="research.proof-corpus-coverage-v1.test_resource_runner" name="test_cpu_group_throttles_aggregate_workers" time="0.000"><skipped type="pytest.skip" message="explicit scoped laptop controller qualification required">/home/billy/orion-director-work/20260907/ocm-proof-corpus-coverage/research/proof-corpus-coverage-v1/test_resource_runner.py:18: explicit scoped laptop controller qualification required</skipped></testcase><testcase classname="research.proof-corpus-coverage-v1.test_resource_runner" name="test_timeout_retains_partial_output_and_reaps" time="0.000"><skipped type="pytest.skip" message="explicit scoped laptop controller qualification required">/home/billy/orion-director-work/20260907/ocm-proof-corpus-coverage/research/proof-corpus-coverage-v1/test_resource_runner.py:23: explicit scoped laptop controller qualification required</skipped></testcase><testcase classname="research.proof-corpus-coverage-v1.test_resource_runner" name="test_disk_threshold_is_monitor_stop_not_quota" time="0.000"><skipped type="pytest.skip" message="explicit scoped laptop controller qualification required">/home/billy/orion-director-work/20260907/ocm-proof-corpus-coverage/research/proof-corpus-coverage-v1/test_resource_runner.py:29: explicit scoped laptop controller qualification required</skipped></testcase><testcase classname="research.proof-corpus-coverage-v1.test_resource_runner" name="test_host_sigterm_preserves_receipt_and_cleans_descendants" time="0.000"><skipped type="pytest.skip" message="explicit scoped laptop controller qualification required">/home/billy/orion-director-work/20260907/ocm-proof-corpus-coverage/research/proof-corpus-coverage-v1/test_resource_runner.py:35: explicit scoped laptop controller qualification required</skipped></testcase><testcase classname="research.proof-corpus-coverage-v1.test_resource_setup" name="test_profile_removal_refuses_populated_owned_controller" time="0.001" /><testcase classname="research.proof-corpus-coverage-v1.test_resource_setup" name="test_exact_file_binding_rejects_boolean_byte_count" time="0.000" /><testcase classname="research.proof-corpus-coverage-v1.test_resource_successor_evidence.SuccessorEvidenceTests" name="test_boolean_source_count" time="0.004" /><testcase classname="research.proof-corpus-coverage-v1.test_resource_successor_evidence.SuccessorEvidenceTests" name="test_current_snapshot_differs_from_current_freeze" time="0.006" /><testcase classname="research.proof-corpus-coverage-v1.test_resource_successor_evidence.SuccessorEvidenceTests" name="test_current_source_drift" time="0.005" /><testcase classname="research.proof-corpus-coverage-v1.test_resource_successor_evidence.SuccessorEvidenceTests" name="test_current_source_symlink" time="0.006" /><testcase classname="research.proof-corpus-coverage-v1.test_resource_successor_evidence.SuccessorEvidenceTests" name="test_distinct_historical_current_sources_and_no_host_access" time="0.006" /><testcase classname="research.proof-corpus-coverage-v1.test_resource_successor_evidence.SuccessorEvidenceTests" name="test_duplicate_archive_row" time="0.006" /><testcase classname="research.proof-corpus-coverage-v1.test_resource_successor_evidence.SuccessorEvidenceTests" name="test_extra_and_duplicate_members_after_tar_end" time="0.011" /><testcase classname="research.proof-corpus-coverage-v1.test_resource_successor_evidence.SuccessorEvidenceTests" name="test_extra_recursive_file" time="0.003" /><testcase classname="research.proof-corpus-coverage-v1.test_resource_successor_evidence.SuccessorEvidenceTests" name="test_extra_sealed_historical_source" time="0.006" /><testcase classname="research.proof-corpus-coverage-v1.test_resource_successor_evidence.SuccessorEvidenceTests" name="test_historical_authority_cannot_be_replaced_in_new_index" time="0.004" /><testcase classname="research.proof-corpus-coverage-v1.test_resource_successor_evidence.SuccessorEvidenceTests" name="test_historical_copy_drift" time="0.005" /><testcase classname="research.proof-corpus-coverage-v1.test_resource_successor_evidence.SuccessorEvidenceTests" name="test_historical_directory_symlink" time="0.003" /><testcase classname="research.proof-corpus-coverage-v1.test_resource_successor_evidence.SuccessorEvidenceTests" name="test_new_archive_drift" time="0.004" /><testcase classname="research.proof-corpus-coverage-v1.test_resource_successor_evidence.SuccessorEvidenceTests" name="test_omission_binding_drift" time="0.005" /><testcase classname="research.proof-corpus-coverage-v1.test_resource_successor_evidence.SuccessorEvidenceTests" name="test_original_archive_drift" time="0.005" /><testcase classname="research.proof-corpus-coverage-v1.test_resource_successor_evidence_boundaries.SuccessorBoundaryTests" name="test_archive_changed_during_audit_refuses" time="0.007" /><testcase classname="research.proof-corpus-coverage-v1.test_resource_successor_evidence_boundaries.SuccessorBoundaryTests" name="test_boolean_archive_count_refuses" time="0.005" /><testcase classname="research.proof-corpus-coverage-v1.test_resource_successor_evidence_boundaries.SuccessorBoundaryTests" name="test_current_source_changed_during_first_check_refuses" time="0.007" /><testcase classname="research.proof-corpus-coverage-v1.test_resource_successor_evidence_boundaries.SuccessorBoundaryTests" name="test_current_source_root_alias_refuses" time="0.006" /><testcase classname="research.proof-corpus-coverage-v1.test_resource_successor_evidence_boundaries.SuccessorBoundaryTests" name="test_historical_root_alias_refuses" time="0.004" /><testcase classname="research.proof-corpus-coverage-v1.test_resource_successor_evidence_boundaries.SuccessorBoundaryTests" name="test_late_extra_historical_file_refuses" time="0.008" /><testcase classname="research.proof-corpus-coverage-v1.test_resource_successor_evidence_boundaries.SuccessorBoundaryTests" name="test_matching_header_cached_helpers_are_ignored" time="0.050" /><testcase classname="research.proof-corpus-coverage-v1.test_resource_successor_evidence_boundaries.SuccessorBoundaryTests" name="test_unbound_helper_is_not_compiled" time="0.003" /><testcase classname="research.proof-corpus-coverage-v1.tests.test_registration_cli" name="test_cli_requires_isolated_no_site_before_output" time="0.016" /><testcase classname="research.proof-corpus-coverage-v1.tests.test_registration_cli" name="test_partial_unverified_seal_keeps_explicit_failure_record" time="0.036" /><testcase classname="research.proof-corpus-coverage-v1.tests.test_registration_custody" name="test_real_toy_git_metadata_without_blob_reads" time="0.015" /><testcase classname="research.proof-corpus-coverage-v1.tests.test_registration_custody" name="test_real_git_tamper_refusal[size-Git blob identity/size]" time="0.014" /><testcase classname="research.proof-corpus-coverage-v1.tests.test_registration_custody" name="test_real_git_tamper_refusal[oid-Git entry differs]" time="0.014" /><testcase classname="research.proof-corpus-coverage-v1.tests.test_registration_custody" name="test_real_git_tamper_refusal[tree-Git tree payloads differ]" time="0.013" /><testcase classname="research.proof-corpus-coverage-v1.tests.test_registration_custody" name="test_real_git_tamper_refusal[membership-Git file membership]" time="0.014" /><testcase classname="research.proof-corpus-coverage-v1.tests.test_registration_custody" name="test_git_evidence_create_only_preserves_existing_bytes" time="0.011" /><testcase classname="research.proof-corpus-coverage-v1.tests.test_registration_custody" name="test_git_store_symlink_refused" time="0.012" /><testcase classname="research.proof-corpus-coverage-v1.tests.test_registration_custody" name="test_source_loader_checks_hash_before_execution_and_rejects_link" time="0.001" /><testcase classname="research.proof-corpus-coverage-v1.tests.test_registration_custody" name="test_matching_header_bytecode_is_ignored_by_source_loader" time="0.007" /><testcase classname="research.proof-corpus-coverage-v1.tests.test_registration_custody" name="test_bad_git_reply_is_retained_and_refused[stderr-Git batch process]" time="0.016" /><testcase classname="research.proof-corpus-coverage-v1.tests.test_registration_custody" name="test_bad_git_reply_is_retained_and_refused[exit-Git batch process]" time="0.015" /><testcase classname="research.proof-corpus-coverage-v1.tests.test_registration_custody" name="test_bad_git_reply_is_retained_and_refused[extra-Git object count]" time="0.015" /><testcase classname="research.proof-corpus-coverage-v1.tests.test_registration_custody" name="test_bad_git_reply_is_retained_and_refused[type-Git blob identity/size]" time="0.015" /><testcase classname="research.proof-corpus-coverage-v1.tests.test_registration_custody" name="test_git_timeout_retains_available_partial_evidence" time="0.014" /><testcase classname="research.proof-corpus-coverage-v1.tests.test_registration_custody" name="test_git_interrupt_distinguishes_unavailable_streams" time="0.015" /><testcase classname="research.proof-corpus-coverage-v1.tests.test_registration_population" name="test_complete_toy_population_and_lexical_dependency" time="0.000" /><testcase classname="research.proof-corpus-coverage-v1.tests.test_registration_population" name="test_invalid_metadata_refuses_at_intended_boundary[&lt;lambda&gt;-source authority]" time="0.000" /><testcase classname="research.proof-corpus-coverage-v1.tests.test_registration_population" name="test_invalid_metadata_refuses_at_intended_boundary[&lt;lambda&gt;-file identity0]" time="0.000" /><testcase classname="research.proof-corpus-coverage-v1.tests.test_registration_population" name="test_invalid_metadata_refuses_at_intended_boundary[&lt;lambda&gt;-file identity1]" time="0.000" /><testcase classname="research.proof-corpus-coverage-v1.tests.test_registration_population" name="test_invalid_metadata_refuses_at_intended_boundary[&lt;lambda&gt;-file size]" time="0.000" /><testcase classname="research.proof-corpus-coverage-v1.tests.test_registration_population" name="test_invalid_metadata_refuses_at_intended_boundary[&lt;lambda&gt;-solution keyset]" time="0.000" /><testcase classname="research.proof-corpus-coverage-v1.tests.test_registration_population" name="test_invalid_metadata_refuses_at_intended_boundary[&lt;lambda&gt;-source pair keyset]" time="0.000" /><testcase classname="research.proof-corpus-coverage-v1.tests.test_registration_population" name="test_invalid_metadata_refuses_at_intended_boundary[&lt;lambda&gt;-node count]" time="0.000" /><testcase classname="research.proof-corpus-coverage-v1.tests.test_registration_population" name="test_invalid_metadata_refuses_at_intended_boundary[&lt;lambda&gt;-graph scope]" time="0.000" /><testcase classname="research.proof-corpus-coverage-v1.tests.test_registration_population" name="test_invalid_metadata_refuses_at_intended_boundary[&lt;lambda&gt;-topological keyset]" time="0.000" /><testcase classname="research.proof-corpus-coverage-v1.tests.test_registration_population" name="test_invalid_metadata_refuses_at_intended_boundary[&lt;lambda&gt;-dependency keyset0]" time="0.000" /><testcase classname="research.proof-corpus-coverage-v1.tests.test_registration_population" name="test_invalid_metadata_refuses_at_intended_boundary[&lt;lambda&gt;-dependency keyset1]" time="0.000" /><testcase classname="research.proof-corpus-coverage-v1.tests.test_registration_population" name="test_invalid_metadata_refuses_at_intended_boundary[&lt;lambda&gt;-dependency order]" time="0.000" /><testcase classname="research.proof-corpus-coverage-v1.tests.test_registration_population" name="test_invalid_metadata_refuses_at_intended_boundary[&lt;lambda&gt;-import dependency mismatch]" time="0.000" /><testcase classname="research.proof-corpus-coverage-v1.tests.test_registration_population" name="test_invalid_metadata_refuses_at_intended_boundary[&lt;lambda&gt;-solution duplicate identity0]" time="0.000" /><testcase classname="research.proof-corpus-coverage-v1.tests.test_registration_population" name="test_invalid_metadata_refuses_at_intended_boundary[&lt;lambda&gt;-solution duplicate identity1]" time="0.000" /><testcase classname="research.proof-corpus-coverage-v1.tests.test_registration_population" name="test_invalid_metadata_refuses_at_intended_boundary[&lt;lambda&gt;-solution duplicate identity2]" time="0.000" /><testcase classname="research.proof-corpus-coverage-v1.tests.test_registration_population" name="test_invalid_metadata_refuses_at_intended_boundary[&lt;lambda&gt;-solution source identity]" time="0.000" /><testcase classname="research.proof-corpus-coverage-v1.tests.test_registration_population" name="test_invalid_metadata_refuses_at_intended_boundary[&lt;lambda&gt;-wrapper hash]" time="0.001" /><testcase classname="research.proof-corpus-coverage-v1.tests.test_registration_population" name="test_invalid_metadata_refuses_at_intended_boundary[&lt;lambda&gt;-edge count]" time="0.000" /><testcase classname="research.proof-corpus-coverage-v1.tests.test_registration_population" name="test_invalid_metadata_refuses_at_intended_boundary[&lt;lambda&gt;-internal graph digest]" time="0.000" /><testcase classname="research.proof-corpus-coverage-v1.tests.test_registration_population" name="test_noncanonical_pair_path_is_not_context[Theorems/Other.lean-wrapper path]" time="0.000" /><testcase classname="research.proof-corpus-coverage-v1.tests.test_registration_population" name="test_noncanonical_pair_path_is_not_context[P2M/Sol/Other.lean-solution path]" time="0.000" /><testcase classname="research.proof-corpus-coverage-v1.tests.test_registration_population" name="test_assignment_independent_of_input_order_and_payload" time="0.001" /><testcase classname="research.proof-corpus-coverage-v1.tests.test_registration_population" name="test_authorized_json_rejects_duplicate_keys_and_hash_drift" time="0.001" /><testcase classname="research.proof-corpus-coverage-v1.tests.test_registration_run" name="test_complete_toy_registration_seals_all_rows_and_four_assignments" time="0.092" /><testcase classname="research.proof-corpus-coverage-v1.tests.test_registration_run" name="test_refuse_before_order_when_authority_or_population_invalid[input]" time="0.051" /><testcase classname="research.proof-corpus-coverage-v1.tests.test_registration_run" name="test_refuse_before_order_when_authority_or_population_invalid[document]" time="0.050" /><testcase classname="research.proof-corpus-coverage-v1.tests.test_registration_run" name="test_refuse_before_order_when_authority_or_population_invalid[loaded_source]" time="0.050" /><testcase classname="research.proof-corpus-coverage-v1.tests.test_registration_run" name="test_refuse_before_order_when_authority_or_population_invalid[invalid_metadata]" time="0.052" /><testcase classname="research.proof-corpus-coverage-v1.tests.test_registration_run" name="test_freeze_drift_after_git_refuses_before_order[original]" time="0.058" /><testcase classname="research.proof-corpus-coverage-v1.tests.test_registration_run" name="test_freeze_drift_after_git_refuses_before_order[copied_input]" time="0.057" /><testcase classname="research.proof-corpus-coverage-v1.tests.test_registration_run" name="test_freeze_drift_after_git_refuses_before_order[copied_source]" time="0.056" /><testcase classname="research.proof-corpus-coverage-v1.tests.test_registration_run" name="test_persistent_output_mutation_cannot_be_adopted_by_final_seal[POPULATION.json]" time="0.075" /><testcase classname="research.proof-corpus-coverage-v1.tests.test_registration_run" name="test_persistent_output_mutation_cannot_be_adopted_by_final_seal[POLICY.json]" time="0.073" /><testcase classname="research.proof-corpus-coverage-v1.tests.test_registration_run" name="test_persistent_output_mutation_cannot_be_adopted_by_final_seal[GIT.json]" time="0.079" /><testcase classname="research.proof-corpus-coverage-v1.tests.test_registration_run" name="test_persistent_output_mutation_cannot_be_adopted_by_final_seal[STARTED.json]" time="0.075" /><testcase classname="research.proof-corpus-coverage-v1.tests.test_registration_run" name="test_output_symlink_never_seals" time="0.087" /><testcase classname="research.proof-corpus-coverage-v1.tests.test_registration_run" name="test_loaded_source_drift_after_assignment_refuses_final_seal" time="0.072" /></testsuite></testsuites>